<?xml version="1.0" encoding="UTF-8"?>
<!-- Generated by org.testng.reporters.JUnitReportReporter -->
<testsuite skipped="0" hostname="DESKTOP-ANJK2SU" name="greenExcercise.GreenExcerciseAfterEX10" tests="4" failures="0" timestamp="28 Jan 2022 15:12:04 GMT" time="14.187" errors="0">
  <testcase name="tc1" time="13.266" classname="greenExcercise.GreenExcerciseAfterEX10"/>
  <testcase name="tc2" time="0.904" classname="greenExcercise.GreenExcerciseAfterEX10"/>
  <testcase name="tc4" time="0.006" classname="greenExcercise.GreenExcerciseAfterEX10"/>
  <testcase name="tc5" time="0.011" classname="greenExcercise.GreenExcerciseAfterEX10"/>
</testsuite> <!-- greenExcercise.GreenExcerciseAfterEX10 -->
