<?xml version="1.0" encoding="UTF-8"?>
<!-- Generated by org.testng.reporters.JUnitReportReporter -->
<testsuite skipped="0" hostname="DESKTOP-ANJK2SU" name="greenExcercise.GreenPractice" tests="4" failures="0" timestamp="28 Jan 2022 15:45:59 GMT" time="125.299" errors="0">
  <testcase name="tc2" time="41.442" classname="greenExcercise.GreenPractice"/>
  <testcase name="tc2" time="24.077" classname="greenExcercise.GreenPractice"/>
  <testcase name="tc2" time="14.843" classname="greenExcercise.GreenPractice"/>
  <testcase name="tc2" time="44.937" classname="greenExcercise.GreenPractice"/>
</testsuite> <!-- greenExcercise.GreenPractice -->
